Tue Jul 23 2019 15:44:29 GMT+0530 (India Standard Time): GET /
Tue Jul 23 2019 15:44:49 GMT+0530 (India Standard Time): GET /
Tue Jul 23 2019 15:45:21 GMT+0530 (India Standard Time): GET /
Tue Jul 23 2019 15:45:22 GMT+0530 (India Standard Time): GET /
Tue Jul 23 2019 15:45:31 GMT+0530 (India Standard Time): GET /
Tue Jul 23 2019 15:45:32 GMT+0530 (India Standard Time): GET /
Tue Jul 23 2019 15:45:34 GMT+0530 (India Standard Time): GET /
Tue Jul 23 2019 15:45:36 GMT+0530 (India Standard Time): GET /
Tue Jul 23 2019 15:48:08 GMT+0530 (India Standard Time): GET /
Tue Jul 23 2019 15:48:08 GMT+0530 (India Standard Time): GET /
Tue Jul 23 2019 15:48:09 GMT+0530 (India Standard Time): GET /
Tue Jul 23 2019 15:48:10 GMT+0530 (India Standard Time): GET /
Tue Jul 23 2019 15:48:10 GMT+0530 (India Standard Time): GET /
Tue Jul 23 2019 15:48:11 GMT+0530 (India Standard Time): GET /
Tue Jul 23 2019 15:48:22 GMT+0530 (India Standard Time): GET /
Tue Jul 23 2019 15:48:34 GMT+0530 (India Standard Time): GET /
Tue Jul 23 2019 15:49:32 GMT+0530 (India Standard Time): GET /
Tue Jul 23 2019 15:49:32 GMT+0530 (India Standard Time): GET /track.css
Tue Jul 23 2019 15:49:32 GMT+0530 (India Standard Time): GET /handtrack.min.js
Tue Jul 23 2019 15:49:32 GMT+0530 (India Standard Time): GET /track.js
Tue Jul 23 2019 15:49:33 GMT+0530 (India Standard Time): GET /handtrack.min.js
Tue Jul 23 2019 15:49:33 GMT+0530 (India Standard Time): GET /track.js
Tue Jul 23 2019 15:49:33 GMT+0530 (India Standard Time): GET /favicon.ico
Tue Jul 23 2019 15:50:09 GMT+0530 (India Standard Time): GET /
Tue Jul 23 2019 15:50:09 GMT+0530 (India Standard Time): GET /track.css
Tue Jul 23 2019 15:50:09 GMT+0530 (India Standard Time): GET /handtrack.min.js
Tue Jul 23 2019 15:50:09 GMT+0530 (India Standard Time): GET /track.js
Tue Jul 23 2019 15:50:09 GMT+0530 (India Standard Time): GET /handtrack.min.js
Tue Jul 23 2019 15:50:09 GMT+0530 (India Standard Time): GET /track.js
Tue Jul 23 2019 15:50:09 GMT+0530 (India Standard Time): GET /favicon.ico
Tue Jul 23 2019 15:50:12 GMT+0530 (India Standard Time): GET /track.css
Tue Jul 23 2019 15:53:55 GMT+0530 (India Standard Time): GET /
Tue Jul 23 2019 15:53:55 GMT+0530 (India Standard Time): GET /handtrack.min.js
Tue Jul 23 2019 15:53:55 GMT+0530 (India Standard Time): GET /track.js
Tue Jul 23 2019 15:53:56 GMT+0530 (India Standard Time): GET /handtrack.min.js
Tue Jul 23 2019 15:53:56 GMT+0530 (India Standard Time): GET /track.js
Tue Jul 23 2019 15:53:56 GMT+0530 (India Standard Time): GET /favicon.ico
Tue Jul 23 2019 15:55:36 GMT+0530 (India Standard Time): GET /
Tue Jul 23 2019 15:55:36 GMT+0530 (India Standard Time): GET /handtrack.min.js
Tue Jul 23 2019 15:55:36 GMT+0530 (India Standard Time): GET /track.js
Tue Jul 23 2019 15:55:36 GMT+0530 (India Standard Time): GET /handtrack.min.js
Tue Jul 23 2019 15:55:36 GMT+0530 (India Standard Time): GET /track.js
Tue Jul 23 2019 15:57:04 GMT+0530 (India Standard Time): GET /
Tue Jul 23 2019 15:57:04 GMT+0530 (India Standard Time): GET /track.js
Tue Jul 23 2019 15:57:06 GMT+0530 (India Standard Time): GET /track.js
Tue Jul 23 2019 15:57:16 GMT+0530 (India Standard Time): GET /
Tue Jul 23 2019 15:57:16 GMT+0530 (India Standard Time): GET /track.js
Tue Jul 23 2019 15:57:18 GMT+0530 (India Standard Time): GET /track.js
Tue Jul 23 2019 15:57:18 GMT+0530 (India Standard Time): GET /favicon.ico
Tue Jul 23 2019 16:00:10 GMT+0530 (India Standard Time): GET /
Tue Jul 23 2019 16:00:10 GMT+0530 (India Standard Time): GET /track.js
Tue Jul 23 2019 16:00:10 GMT+0530 (India Standard Time): GET /track.js
Tue Jul 23 2019 16:00:14 GMT+0530 (India Standard Time): GET /
Tue Jul 23 2019 16:00:14 GMT+0530 (India Standard Time): GET /track.js
Tue Jul 23 2019 16:00:15 GMT+0530 (India Standard Time): GET /
Tue Jul 23 2019 16:00:15 GMT+0530 (India Standard Time): GET /track.js
Tue Jul 23 2019 16:00:16 GMT+0530 (India Standard Time): GET /
Tue Jul 23 2019 16:00:16 GMT+0530 (India Standard Time): GET /track.js
Tue Jul 23 2019 16:00:18 GMT+0530 (India Standard Time): GET /
Tue Jul 23 2019 16:00:18 GMT+0530 (India Standard Time): GET /track.js
Tue Jul 23 2019 16:00:20 GMT+0530 (India Standard Time): GET /track.js
Tue Jul 23 2019 16:00:20 GMT+0530 (India Standard Time): GET /favicon.ico
Tue Jul 23 2019 16:03:42 GMT+0530 (India Standard Time): GET /
Tue Jul 23 2019 16:03:42 GMT+0530 (India Standard Time): GET /track.js
Tue Jul 23 2019 16:03:46 GMT+0530 (India Standard Time): GET /track.js
Tue Jul 23 2019 16:03:46 GMT+0530 (India Standard Time): GET /favicon.ico
Tue Jul 23 2019 16:07:47 GMT+0530 (India Standard Time): GET /
Tue Jul 23 2019 16:07:47 GMT+0530 (India Standard Time): GET /track.js
Tue Jul 23 2019 16:07:51 GMT+0530 (India Standard Time): GET /track.js
Tue Jul 23 2019 16:07:51 GMT+0530 (India Standard Time): GET /favicon.ico
Tue Jul 23 2019 16:11:00 GMT+0530 (India Standard Time): GET /
Tue Jul 23 2019 16:11:50 GMT+0530 (India Standard Time): GET /
Tue Jul 23 2019 16:11:59 GMT+0530 (India Standard Time): GET /
Tue Jul 23 2019 16:12:25 GMT+0530 (India Standard Time): GET /
Tue Jul 23 2019 16:13:31 GMT+0530 (India Standard Time): GET /
Tue Jul 23 2019 16:13:31 GMT+0530 (India Standard Time): GET /
Tue Jul 23 2019 16:13:36 GMT+0530 (India Standard Time): GET /
Tue Jul 23 2019 16:14:14 GMT+0530 (India Standard Time): GET /
Tue Jul 23 2019 16:14:22 GMT+0530 (India Standard Time): GET /
Tue Jul 23 2019 16:15:44 GMT+0530 (India Standard Time): GET /
Tue Jul 23 2019 16:15:47 GMT+0530 (India Standard Time): GET /
Tue Jul 23 2019 16:15:55 GMT+0530 (India Standard Time): GET /
Tue Jul 23 2019 16:17:24 GMT+0530 (India Standard Time): GET /index.html
Tue Jul 23 2019 16:17:54 GMT+0530 (India Standard Time): GET /
Tue Jul 23 2019 16:17:58 GMT+0530 (India Standard Time): GET /index.html
Tue Jul 23 2019 16:17:59 GMT+0530 (India Standard Time): GET /index.html
Tue Jul 23 2019 16:18:09 GMT+0530 (India Standard Time): GET /index.html
Tue Jul 23 2019 16:18:13 GMT+0530 (India Standard Time): GET /index
Tue Jul 23 2019 16:18:15 GMT+0530 (India Standard Time): GET /index
Tue Jul 23 2019 16:18:22 GMT+0530 (India Standard Time): GET /index
Tue Jul 23 2019 16:18:46 GMT+0530 (India Standard Time): GET /
Tue Jul 23 2019 16:18:50 GMT+0530 (India Standard Time): GET /index
Tue Jul 23 2019 16:18:52 GMT+0530 (India Standard Time): GET /index
Tue Jul 23 2019 16:20:46 GMT+0530 (India Standard Time): GET /
Tue Jul 23 2019 16:22:28 GMT+0530 (India Standard Time): GET /
Tue Jul 23 2019 16:22:35 GMT+0530 (India Standard Time): GET /
Tue Jul 23 2019 16:23:18 GMT+0530 (India Standard Time): GET /
Tue Jul 23 2019 16:24:28 GMT+0530 (India Standard Time): GET /
Tue Jul 23 2019 16:25:18 GMT+0530 (India Standard Time): GET /
Tue Jul 23 2019 16:26:28 GMT+0530 (India Standard Time): GET /
Tue Jul 23 2019 16:27:18 GMT+0530 (India Standard Time): GET /
Tue Jul 23 2019 16:27:29 GMT+0530 (India Standard Time): GET /
Tue Jul 23 2019 16:27:29 GMT+0530 (India Standard Time): GET /
Tue Jul 23 2019 16:29:56 GMT+0530 (India Standard Time): GET /
Tue Jul 23 2019 16:31:07 GMT+0530 (India Standard Time): GET /
Tue Jul 23 2019 16:31:46 GMT+0530 (India Standard Time): GET /
Tue Jul 23 2019 16:31:46 GMT+0530 (India Standard Time): GET /track.js
Tue Jul 23 2019 16:31:47 GMT+0530 (India Standard Time): GET /track.js
Tue Jul 23 2019 16:31:47 GMT+0530 (India Standard Time): GET /favicon.ico
Tue Jul 23 2019 16:35:49 GMT+0530 (India Standard Time): GET /
Tue Jul 23 2019 16:37:00 GMT+0530 (India Standard Time): GET /
Tue Jul 23 2019 16:37:06 GMT+0530 (India Standard Time): GET /
Tue Jul 23 2019 16:37:11 GMT+0530 (India Standard Time): GET /
Tue Jul 23 2019 16:37:13 GMT+0530 (India Standard Time): GET /
Tue Jul 23 2019 16:37:14 GMT+0530 (India Standard Time): GET /
Tue Jul 23 2019 16:37:14 GMT+0530 (India Standard Time): GET /
Tue Jul 23 2019 16:37:14 GMT+0530 (India Standard Time): GET /
Tue Jul 23 2019 16:37:15 GMT+0530 (India Standard Time): GET /
Tue Jul 23 2019 16:37:15 GMT+0530 (India Standard Time): GET /
Tue Jul 23 2019 16:37:16 GMT+0530 (India Standard Time): GET /
Tue Jul 23 2019 16:38:52 GMT+0530 (India Standard Time): GET /
Tue Jul 23 2019 16:38:55 GMT+0530 (India Standard Time): GET /
Tue Jul 23 2019 16:39:13 GMT+0530 (India Standard Time): GET /
Tue Jul 23 2019 16:39:13 GMT+0530 (India Standard Time): GET /handtrack.min.js
Tue Jul 23 2019 16:39:13 GMT+0530 (India Standard Time): GET /handtrack.min.js
Tue Jul 23 2019 16:39:18 GMT+0530 (India Standard Time): GET /
Tue Jul 23 2019 16:39:18 GMT+0530 (India Standard Time): GET /handtrack.min.js
Tue Jul 23 2019 16:39:18 GMT+0530 (India Standard Time): GET /handtrack.min.js
Tue Jul 23 2019 16:40:34 GMT+0530 (India Standard Time): GET /
Tue Jul 23 2019 16:40:34 GMT+0530 (India Standard Time): GET /handtrack.min.js
Tue Jul 23 2019 16:40:34 GMT+0530 (India Standard Time): GET /handtrack.min.js
Tue Jul 23 2019 16:40:36 GMT+0530 (India Standard Time): GET /
Tue Jul 23 2019 16:40:36 GMT+0530 (India Standard Time): GET /handtrack.min.js
Tue Jul 23 2019 16:40:36 GMT+0530 (India Standard Time): GET /handtrack.min.js
Tue Jul 23 2019 16:40:52 GMT+0530 (India Standard Time): GET /
Tue Jul 23 2019 16:41:38 GMT+0530 (India Standard Time): GET /
Tue Jul 23 2019 16:41:40 GMT+0530 (India Standard Time): GET /
Tue Jul 23 2019 16:43:09 GMT+0530 (India Standard Time): GET /
Tue Jul 23 2019 16:44:15 GMT+0530 (India Standard Time): GET /
Tue Jul 23 2019 16:44:41 GMT+0530 (India Standard Time): GET /
Tue Jul 23 2019 16:44:56 GMT+0530 (India Standard Time): GET /
Tue Jul 23 2019 16:45:54 GMT+0530 (India Standard Time): GET /favicon.ico
Tue Jul 23 2019 16:46:52 GMT+0530 (India Standard Time): GET /favicon.ico
Tue Jul 23 2019 16:47:53 GMT+0530 (India Standard Time): GET /favicon.ico
Tue Jul 23 2019 16:49:11 GMT+0530 (India Standard Time): GET /help
Tue Jul 23 2019 18:29:39 GMT+0530 (India Standard Time): GET /favicon.ico
Tue Jul 23 2019 18:29:59 GMT+0530 (India Standard Time): GET /favicon.ico
Tue Jul 23 2019 18:30:20 GMT+0530 (India Standard Time): GET /favicon.ico
Tue Jul 23 2019 18:33:06 GMT+0530 (India Standard Time): GET /favicon.ico
Tue Jul 23 2019 18:33:38 GMT+0530 (India Standard Time): GET /favicon.ico
Tue Jul 23 2019 19:07:39 GMT+0530 (India Standard Time): GET /favicon.ico
Tue Jul 23 2019 19:36:02 GMT+0530 (India Standard Time): GET /favicon.ico
Tue Jul 23 2019 19:52:53 GMT+0530 (India Standard Time): GET /favicon.ico
Tue Jul 23 2019 19:56:58 GMT+0530 (India Standard Time): GET /favicon.ico
Tue Jul 23 2019 20:05:56 GMT+0530 (India Standard Time): GET /favicon.ico
Tue Jul 23 2019 20:09:43 GMT+0530 (India Standard Time): GET /favicon.ico
